[0.013s] Invoking command in '/home/ros2/CHAPT4/CHAPT4_WS/build/chapt4_interfaces': CMAKE_PREFIX_PATH=${CMAKE_PREFIX_PATH}:/home/ros2/CHAPT4/CHAPT4_WS/install/demo_python_service:/opt/ros/foxy /usr/bin/cmake --build /home/ros2/CHAPT4/CHAPT4_WS/build/chapt4_interfaces -- -j2 -l2
[0.419s] -- Found ament_cmake: 0.9.12 (/opt/ros/foxy/share/ament_cmake/cmake)
[0.528s] -- Found PythonInterp: /usr/bin/python3 (found suitable version "3.8.10", minimum required is "3") 
[0.528s] -- Using PYTHON_EXECUTABLE: /usr/bin/python3
[0.876s] -- Found sensor_msgs: 2.0.5 (/opt/ros/foxy/share/sensor_msgs/cmake)
[1.150s] -- Using all available rosidl_typesupport_c: rosidl_typesupport_fastrtps_c;rosidl_typesupport_introspection_c
[1.170s] -- Found rosidl_adapter: 1.3.1 (/opt/ros/foxy/share/rosidl_adapter/cmake)
[1.714s] -- Using all available rosidl_typesupport_cpp: rosidl_typesupport_fastrtps_cpp;rosidl_typesupport_introspection_cpp
[2.007s] -- Found rosidl_default_generators: 1.0.1 (/opt/ros/foxy/share/rosidl_default_generators/cmake)
[2.070s] -- Found PythonInterp: /usr/bin/python3 (found version "3.8.10") 
[2.388s] CMake Error at /opt/ros/foxy/share/rosidl_adapter/cmake/rosidl_adapt_interfaces.cmake:60 (message):
[2.388s]   execute_process(/usr/bin/python3 -m rosidl_adapter --package-name
[2.388s]   chapt4_interfaces --arguments-file
[2.388s]   /home/ros2/CHAPT4/CHAPT4_WS/build/chapt4_interfaces/rosidl_adapter__arguments__chapt4_interfaces.json
[2.389s]   --output-dir
[2.389s]   /home/ros2/CHAPT4/CHAPT4_WS/build/chapt4_interfaces/rosidl_adapter/chapt4_interfaces
[2.389s]   --output-file
[2.389s]   /home/ros2/CHAPT4/CHAPT4_WS/build/chapt4_interfaces/rosidl_adapter/chapt4_interfaces.idls)
[2.389s]   returned error code 1:
[2.389s] 
[2.389s]   Traceback (most recent call last):
[2.389s] 
[2.389s]     File "/usr/lib/python3.8/runpy.py", line 194, in _run_module_as_main
[2.389s]       return _run_code(code, main_globals, None,
[2.389s]     File "/usr/lib/python3.8/runpy.py", line 87, in _run_code
[2.389s]       exec(code, run_globals)
[2.389s]     File "/opt/ros/foxy/lib/python3.8/site-packages/rosidl_adapter/__main__.py", line 19, in <module>
[2.389s]       sys.exit(main())
[2.390s]     File "/opt/ros/foxy/lib/python3.8/site-packages/rosidl_adapter/main.py", line 53, in main
[2.390s]       abs_idl_file = convert_to_idl(
[2.390s]     File "/opt/ros/foxy/lib/python3.8/site-packages/rosidl_adapter/__init__.py", line 24, in convert_to_idl
[2.390s]       return convert_srv_to_idl(
[2.390s]     File "/opt/ros/foxy/lib/python3.8/site-packages/rosidl_adapter/srv/__init__.py", line 28, in convert_srv_to_idl
[2.390s]       srv = parse_service_string(package_name, input_file.stem, content)
[2.390s]     File "/opt/ros/foxy/lib/python3.8/site-packages/rosidl_adapter/parser.py", line 856, in parse_service_string
[2.390s]       response_message = parse_message_string(
[2.391s]     File "/opt/ros/foxy/lib/python3.8/site-packages/rosidl_adapter/parser.py", line 531, in parse_message_string
[2.391s]       constants.append(Constant(type_string, name, value))
[2.391s]     File "/opt/ros/foxy/lib/python3.8/site-packages/rosidl_adapter/parser.py", line 319, in __init__
[2.391s]       raise NameError(
[2.391s] 
[2.391s]   NameError: 'success' is an invalid constant name.  It should have the
[2.391s]   pattern '^[A-Z]([A-Z0-9_]?[A-Z0-9]+)*$'
[2.391s] 
[2.391s] Call Stack (most recent call first):
[2.391s]   /opt/ros/foxy/share/rosidl_cmake/cmake/rosidl_generate_interfaces.cmake:130 (rosidl_adapt_interfaces)
[2.391s]   CMakeLists.txt:24 (rosidl_generate_interfaces)
[2.391s] 
[2.391s] 
[2.396s] -- Configuring incomplete, errors occurred!
[2.396s] See also "/home/ros2/CHAPT4/CHAPT4_WS/build/chapt4_interfaces/CMakeFiles/CMakeOutput.log".
[2.434s] make: *** [Makefile:748：cmake_check_build_system] 错误 1
[2.487s] Invoked command in '/home/ros2/CHAPT4/CHAPT4_WS/build/chapt4_interfaces' returned '2': CMAKE_PREFIX_PATH=${CMAKE_PREFIX_PATH}:/home/ros2/CHAPT4/CHAPT4_WS/install/demo_python_service:/opt/ros/foxy /usr/bin/cmake --build /home/ros2/CHAPT4/CHAPT4_WS/build/chapt4_interfaces -- -j2 -l2
