[0.120s] Invoking command in '/home/ros2/CHAPT4/CHAPT4_WS/build/chapt4_interfaces': CMAKE_PREFIX_PATH=${CMAKE_PREFIX_PATH}:/home/ros2/CHAPT4/CHAPT4_WS/install/demo_python_service:/opt/ros/foxy /usr/bin/cmake --build /home/ros2/CHAPT4/CHAPT4_WS/build/chapt4_interfaces -- -j2 -l2
[0.167s] -- Found ament_cmake: 0.9.12 (/opt/ros/foxy/share/ament_cmake/cmake)
[0.190s] -- Found PythonInterp: /usr/bin/python3 (found suitable version "3.8.10", minimum required is "3") 
[0.190s] -- Using PYTHON_EXECUTABLE: /usr/bin/python3
[0.385s] -- Found sensor_msgs: 2.0.5 (/opt/ros/foxy/share/sensor_msgs/cmake)
[0.404s] -- Using all available rosidl_typesupport_c: rosidl_typesupport_fastrtps_c;rosidl_typesupport_introspection_c
[0.407s] -- Found rosidl_adapter: 1.3.1 (/opt/ros/foxy/share/rosidl_adapter/cmake)
[0.522s] -- Using all available rosidl_typesupport_cpp: rosidl_typesupport_fastrtps_cpp;rosidl_typesupport_introspection_cpp
[0.677s] -- Found rosidl_default_generators: 1.0.1 (/opt/ros/foxy/share/rosidl_default_generators/cmake)
[0.710s] -- Found PythonInterp: /usr/bin/python3 (found version "3.8.10") 
[0.969s] CMake Error at /opt/ros/foxy/share/rosidl_adapter/cmake/rosidl_adapt_interfaces.cmake:60 (message):
[0.969s]   execute_process(/usr/bin/python3 -m rosidl_adapter --package-name
[0.969s]   chapt4_interfaces --arguments-file
[0.969s]   /home/ros2/CHAPT4/CHAPT4_WS/build/chapt4_interfaces/rosidl_adapter__arguments__chapt4_interfaces.json
[0.970s]   --output-dir
[0.970s]   /home/ros2/CHAPT4/CHAPT4_WS/build/chapt4_interfaces/rosidl_adapter/chapt4_interfaces
[0.970s]   --output-file
[0.970s]   /home/ros2/CHAPT4/CHAPT4_WS/build/chapt4_interfaces/rosidl_adapter/chapt4_interfaces.idls)
[0.970s]   returned error code 1:
[0.970s] 
[0.970s]   Traceback (most recent call last):
[0.970s] 
[0.970s]     File "/usr/lib/python3.8/runpy.py", line 194, in _run_module_as_main
[0.970s]       return _run_code(code, main_globals, None,
[0.970s]     File "/usr/lib/python3.8/runpy.py", line 87, in _run_code
[0.970s]       exec(code, run_globals)
[0.970s]     File "/opt/ros/foxy/lib/python3.8/site-packages/rosidl_adapter/__main__.py", line 19, in <module>
[0.970s]       sys.exit(main())
[0.971s]     File "/opt/ros/foxy/lib/python3.8/site-packages/rosidl_adapter/main.py", line 53, in main
[0.971s]       abs_idl_file = convert_to_idl(
[0.971s]     File "/opt/ros/foxy/lib/python3.8/site-packages/rosidl_adapter/__init__.py", line 24, in convert_to_idl
[0.971s]       return convert_srv_to_idl(
[0.971s]     File "/opt/ros/foxy/lib/python3.8/site-packages/rosidl_adapter/srv/__init__.py", line 28, in convert_srv_to_idl
[0.971s]       srv = parse_service_string(package_name, input_file.stem, content)
[0.971s]     File "/opt/ros/foxy/lib/python3.8/site-packages/rosidl_adapter/parser.py", line 856, in parse_service_string
[0.971s]       response_message = parse_message_string(
[0.971s]     File "/opt/ros/foxy/lib/python3.8/site-packages/rosidl_adapter/parser.py", line 531, in parse_message_string
[0.971s]       constants.append(Constant(type_string, name, value))
[0.971s]     File "/opt/ros/foxy/lib/python3.8/site-packages/rosidl_adapter/parser.py", line 319, in __init__
[0.971s]       raise NameError(
[0.971s] 
[0.971s]   NameError: 'success' is an invalid constant name.  It should have the
[0.972s]   pattern '^[A-Z]([A-Z0-9_]?[A-Z0-9]+)*$'
[0.972s] 
[0.972s] Call Stack (most recent call first):
[0.972s]   /opt/ros/foxy/share/rosidl_cmake/cmake/rosidl_generate_interfaces.cmake:130 (rosidl_adapt_interfaces)
[0.972s]   CMakeLists.txt:24 (rosidl_generate_interfaces)
[0.972s] 
[0.972s] 
[0.972s] -- Configuring incomplete, errors occurred!
[0.972s] See also "/home/ros2/CHAPT4/CHAPT4_WS/build/chapt4_interfaces/CMakeFiles/CMakeOutput.log".
[0.982s] make: *** [Makefile:748：cmake_check_build_system] 错误 1
[0.985s] Invoked command in '/home/ros2/CHAPT4/CHAPT4_WS/build/chapt4_interfaces' returned '2': CMAKE_PREFIX_PATH=${CMAKE_PREFIX_PATH}:/home/ros2/CHAPT4/CHAPT4_WS/install/demo_python_service:/opt/ros/foxy /usr/bin/cmake --build /home/ros2/CHAPT4/CHAPT4_WS/build/chapt4_interfaces -- -j2 -l2
