[0.022s] Invoking command in '/home/ros2/CHAPT2/chapt2_ws/build/demo_cpp_pkg': /usr/bin/cmake --build /home/ros2/CHAPT2/chapt2_ws/build/demo_cpp_pkg -- -j2 -l2
[0.088s] -- Found ament_cmake: 0.9.12 (/opt/ros/foxy/share/ament_cmake/cmake)
[0.122s] -- Using PYTHON_EXECUTABLE: /usr/bin/python3
[0.477s] -- Found rclcpp: 2.4.3 (/opt/ros/foxy/share/rclcpp/cmake)
[0.557s] -- Using all available rosidl_typesupport_c: rosidl_typesupport_fastrtps_c;rosidl_typesupport_introspection_c
[0.566s] -- Found rosidl_adapter: 1.3.1 (/opt/ros/foxy/share/rosidl_adapter/cmake)
[0.879s] -- Using all available rosidl_typesupport_cpp: rosidl_typesupport_fastrtps_cpp;rosidl_typesupport_introspection_cpp
[1.045s] -- Found rmw_implementation_cmake: 1.0.4 (/opt/ros/foxy/share/rmw_implementation_cmake/cmake)
[1.056s] -- Using RMW implementation 'rmw_fastrtps_cpp' as default
[1.417s] -- Found ament_lint_auto: 0.9.8 (/opt/ros/foxy/share/ament_lint_auto/cmake)
[1.502s] Error parsing '/home/ros2/CHAPT2/chapt2_ws/src/demo_cpp_pkg/package.xml':
[1.802s] Traceback (most recent call last):
[1.802s]   File "/usr/lib/python3/dist-packages/catkin_pkg/package.py", line 610, in parse_package_string
[1.802s]     root = dom.parseString(data)
[1.802s]   File "/usr/lib/python3.8/xml/dom/minidom.py", line 1969, in parseString
[1.802s]     return expatbuilder.parseString(string)
[1.802s]   File "/usr/lib/python3.8/xml/dom/expatbuilder.py", line 925, in parseString
[1.802s]     return builder.parseString(string)
[1.802s]   File "/usr/lib/python3.8/xml/dom/expatbuilder.py", line 223, in parseString
[1.802s]     parser.Parse(string, True)
[1.802s] xml.parsers.expat.ExpatError: not well-formed (invalid token): line 10, column 17
[1.802s] 
[1.803s] During handling of the above exception, another exception occurred:
[1.803s] 
[1.803s] Traceback (most recent call last):
[1.803s]   File "/opt/ros/foxy/share/ament_cmake_core/cmake/core/package_xml_2_cmake.py", line 143, in <module>
[1.803s]     main()
[1.803s]   File "/opt/ros/foxy/share/ament_cmake_core/cmake/core/package_xml_2_cmake.py", line 52, in main
[1.803s]     raise e
[1.803s]   File "/opt/ros/foxy/share/ament_cmake_core/cmake/core/package_xml_2_cmake.py", line 48, in main
[1.803s]     package = parse_package_string(
[1.803s]   File "/usr/lib/python3/dist-packages/catkin_pkg/package.py", line 612, in parse_package_string
[1.803s]     raise InvalidPackage('The manifest contains invalid XML:\n%s' % ex, filename)
[1.803s] catkin_pkg.package.InvalidPackage: Error(s) in package '/home/ros2/CHAPT2/chapt2_ws/src/demo_cpp_pkg/package.xml':
[1.803s] The manifest contains invalid XML:
[1.804s] not well-formed (invalid token): line 10, column 17
[1.896s] CMake Error at /opt/ros/foxy/share/ament_cmake_core/cmake/core/ament_package_xml.cmake:94 (message):
[1.896s]   execute_process(/usr/bin/python3
[1.896s]   /opt/ros/foxy/share/ament_cmake_core/cmake/core/package_xml_2_cmake.py
[1.896s]   /home/ros2/CHAPT2/chapt2_ws/src/demo_cpp_pkg/package.xml
[1.897s]   /home/ros2/CHAPT2/chapt2_ws/build/demo_cpp_pkg/ament_cmake_core/package.cmake)
[1.897s]   returned error code 1
[1.897s] Call Stack (most recent call first):
[1.897s]   /opt/ros/foxy/share/ament_cmake_core/cmake/core/ament_package_xml.cmake:49 (_ament_package_xml)
[1.897s]   /opt/ros/foxy/share/ament_lint_auto/cmake/ament_lint_auto_find_test_dependencies.cmake:31 (ament_package_xml)
[1.897s]   CMakeLists.txt:47 (ament_lint_auto_find_test_dependencies)
[1.897s] 
[1.897s] 
[1.905s] -- Configuring incomplete, errors occurred!
[1.905s] See also "/home/ros2/CHAPT2/chapt2_ws/build/demo_cpp_pkg/CMakeFiles/CMakeOutput.log".
[1.905s] See also "/home/ros2/CHAPT2/chapt2_ws/build/demo_cpp_pkg/CMakeFiles/CMakeError.log".
[1.934s] make: *** [Makefile:266：cmake_check_build_system] 错误 1
[1.935s] Invoked command in '/home/ros2/CHAPT2/chapt2_ws/build/demo_cpp_pkg' returned '2': /usr/bin/cmake --build /home/ros2/CHAPT2/chapt2_ws/build/demo_cpp_pkg -- -j2 -l2
