[0.034s] Invoking command in '/home/ros2/CHAPT3/topic_ws/build/demo_cpp_topic': CMAKE_PREFIX_PATH=${CMAKE_PREFIX_PATH}:/home/ros2/CHAPT3/topic_ws/install/demo_python_topic:/opt/ros/foxy /usr/bin/cmake --build /home/ros2/CHAPT3/topic_ws/build/demo_cpp_topic -- -j2 -l2
[0.110s] -- Found ament_cmake: 0.9.12 (/opt/ros/foxy/share/ament_cmake/cmake)
[0.158s] -- Using PYTHON_EXECUTABLE: /usr/bin/python3
[0.551s] -- Found rclcpp: 2.4.3 (/opt/ros/foxy/share/rclcpp/cmake)
[0.630s] -- Using all available rosidl_typesupport_c: rosidl_typesupport_fastrtps_c;rosidl_typesupport_introspection_c
[0.635s] -- Found rosidl_adapter: 1.3.1 (/opt/ros/foxy/share/rosidl_adapter/cmake)
[0.833s] -- Using all available rosidl_typesupport_cpp: rosidl_typesupport_fastrtps_cpp;rosidl_typesupport_introspection_cpp
[0.901s] -- Found rmw_implementation_cmake: 1.0.4 (/opt/ros/foxy/share/rmw_implementation_cmake/cmake)
[0.903s] -- Using RMW implementation 'rmw_fastrtps_cpp' as default
[1.092s] -- Found geometry_msgs: 2.0.5 (/opt/ros/foxy/share/geometry_msgs/cmake)
[1.153s] -- Found turtlesim: 1.2.6 (/opt/ros/foxy/share/turtlesim/cmake)
[1.317s] -- Found ament_lint_auto: 0.9.8 (/opt/ros/foxy/share/ament_lint_auto/cmake)
[1.458s] -- Added test 'copyright' to check source files copyright and LICENSE
[1.459s] -- Added test 'cppcheck' to perform static code analysis on C / C++ code
[1.459s] -- Configured cppcheck include dirs: 
[1.459s] -- Configured cppcheck exclude dirs and/or files: 
[1.459s] -- Added test 'cpplint' to check C / C++ code against the Google style
[1.459s] -- Configured cpplint exclude dirs and/or files: 
[1.460s] -- Added test 'lint_cmake' to check CMake code style
[1.471s] -- Added test 'uncrustify' to check C / C++ code style
[1.472s] -- Configured uncrustify additional arguments: 
[1.477s] -- Added test 'xmllint' to check XML markup files
[1.485s] -- Configuring done
[1.573s] -- Generating done
[1.575s] -- Build files have been written to: /home/ros2/CHAPT3/topic_ws/build/demo_cpp_topic
[1.618s] [35m[1mScanning dependencies of target turtle_contrl[0m
[1.675s] [ 25%] [32mBuilding CXX object CMakeFiles/turtle_contrl.dir/src/turtle_contrl.cpp.o[0m
[1.722s] [ 75%] Built target turtle_circle
[3.895s] [01m[K/home/ros2/CHAPT3/topic_ws/src/demo_cpp_topic/src/turtle_contrl.cpp:1:10:[m[K [01;31m[Kfatal error: [m[Krclcpp/rclcpp.hpp: æ²¡æœ‰é‚£ä¸ªæ–‡ä»¶æˆ–ç›®å½•
[3.895s]     1 | #include [01;31m[K"rclcpp/rclcpp.hpp"[m[K
[3.895s]       |          [01;31m[K^~~~~~~~~~~~~~~~~~~[m[K
[3.895s] compilation terminated.
[3.950s] make[2]: *** [CMakeFiles/turtle_contrl.dir/build.make:63ï¼šCMakeFiles/turtle_contrl.dir/src/turtle_contrl.cpp.o] é”™è¯¯ 1
[3.952s] make[1]: *** [CMakeFiles/Makefile2:80ï¼šCMakeFiles/turtle_contrl.dir/all] é”™è¯¯ 2
[3.952s] make: *** [Makefile:141ï¼šall] é”™è¯¯ 2
[3.955s] Invoked command in '/home/ros2/CHAPT3/topic_ws/build/demo_cpp_topic' returned '2': CMAKE_PREFIX_PATH=${CMAKE_PREFIX_PATH}:/home/ros2/CHAPT3/topic_ws/install/demo_python_topic:/opt/ros/foxy /usr/bin/cmake --build /home/ros2/CHAPT3/topic_ws/build/demo_cpp_topic -- -j2 -l2
