[0.016s] Invoking command in '/home/ros2/CHAPT2/chapt2_ws/build/demo_cpp_pkg': CMAKE_PREFIX_PATH=${CMAKE_PREFIX_PATH}:/home/ros2/CHAPT2/chapt2_ws/install/demo_python_pkg:/opt/ros/foxy /usr/bin/cmake --build /home/ros2/CHAPT2/chapt2_ws/build/demo_cpp_pkg -- -j2 -l2
[0.047s] -- Found ament_cmake: 0.9.12 (/opt/ros/foxy/share/ament_cmake/cmake)
[0.075s] -- Using PYTHON_EXECUTABLE: /usr/bin/python3
[0.274s] -- Found rclcpp: 2.4.3 (/opt/ros/foxy/share/rclcpp/cmake)
[0.305s] -- Using all available rosidl_typesupport_c: rosidl_typesupport_fastrtps_c;rosidl_typesupport_introspection_c
[0.316s] -- Found rosidl_adapter: 1.3.1 (/opt/ros/foxy/share/rosidl_adapter/cmake)
[0.424s] -- Using all available rosidl_typesupport_cpp: rosidl_typesupport_fastrtps_cpp;rosidl_typesupport_introspection_cpp
[0.471s] -- Found rmw_implementation_cmake: 1.0.4 (/opt/ros/foxy/share/rmw_implementation_cmake/cmake)
[0.472s] -- Using RMW implementation 'rmw_fastrtps_cpp' as default
[0.605s] -- Found ament_lint_auto: 0.9.8 (/opt/ros/foxy/share/ament_lint_auto/cmake)
[0.683s] -- Added test 'copyright' to check source files copyright and LICENSE
[0.691s] -- Added test 'cppcheck' to perform static code analysis on C / C++ code
[0.691s] -- Configured cppcheck include dirs: 
[0.691s] -- Configured cppcheck exclude dirs and/or files: 
[0.698s] -- Added test 'cpplint' to check C / C++ code against the Google style
[0.698s] -- Configured cpplint exclude dirs and/or files: 
[0.699s] -- Added test 'flake8' to check Python code syntax and style conventions
[0.702s] -- Added test 'lint_cmake' to check CMake code style
[0.703s] -- Added test 'pep257' to check Python code against some of the style conventions in PEP 257
[0.710s] -- Added test 'uncrustify' to check C / C++ code style
[0.711s] -- Configured uncrustify additional arguments: 
[0.712s] -- Added test 'xmllint' to check XML markup files
[0.714s] -- Configuring done
[0.731s] -- Generating done
[0.734s] -- Build files have been written to: /home/ros2/CHAPT2/chapt2_ws/build/demo_cpp_pkg
[0.777s] [35m[1mScanning dependencies of target learn_lambda[0m
[0.782s] [35m[1mScanning dependencies of target person_node[0m
[0.814s] [ 10%] [32mBuilding CXX object CMakeFiles/learn_lambda.dir/src/learn_lambda.cpp.o[0m
[0.831s] [ 20%] [32mBuilding CXX object CMakeFiles/person_node.dir/src/person_node.cpp.o[0m
[1.448s] [ 30%] [32m[1mLinking CXX executable learn_lambda[0m
[1.560s] [ 30%] Built target learn_lambda
[1.580s] [35m[1mScanning dependencies of target learn_shared_ptr[0m
[1.593s] [ 40%] [32mBuilding CXX object CMakeFiles/learn_shared_ptr.dir/src/learn_shared_ptr.cpp.o[0m
[2.234s] [ 50%] [32m[1mLinking CXX executable learn_shared_ptr[0m
[2.356s] [ 50%] Built target learn_shared_ptr
[2.371s] [35m[1mScanning dependencies of target cpp_node[0m
[2.412s] [ 60%] [32mBuilding CXX object CMakeFiles/cpp_node.dir/src/cpp_node.cpp.o[0m
[4.260s] [ 70%] [32m[1mLinking CXX executable person_node[0m
[4.464s] [ 70%] Built target person_node
[4.474s] [35m[1mScanning dependencies of target learn_thread[0m
[4.492s] [ 80%] [32mBuilding CXX object CMakeFiles/learn_thread.dir/src/learn_thread.cpp.o[0m
[4.640s] [01m[K/home/ros2/CHAPT2/chapt2_ws/src/demo_cpp_pkg/src/learn_thread.cpp:5:10:[m[K [01;31m[Kfatal error: [m[Kcpp-httplib/httplib.h: Ê≤°ÊúâÈÇ£‰∏™Êñá‰ª∂ÊàñÁõÆÂΩï
[4.640s]     5 | #include [01;31m[K"cpp-httplib/httplib.h"[m[K//‰∏ãËΩΩÁõ∏ÂÖ≥
[4.641s]       |          [01;31m[K^~~~~~~~~~~~~~~~~~~~~~~[m[K
[4.641s] compilation terminated.
[4.643s] make[2]: *** [CMakeFiles/learn_thread.dir/build.make:63ÔºöCMakeFiles/learn_thread.dir/src/learn_thread.cpp.o] ÈîôËØØ 1
[4.643s] make[1]: *** [CMakeFiles/Makefile2:248ÔºöCMakeFiles/learn_thread.dir/all] ÈîôËØØ 2
[4.643s] make[1]: *** Ê≠£Âú®Á≠âÂæÖÊú™ÂÆåÊàêÁöÑ‰ªªÂä°....
[5.178s] [ 90%] [32m[1mLinking CXX executable cpp_node[0m
[5.318s] [ 90%] Built target cpp_node
[5.323s] make: *** [Makefile:141Ôºöall] ÈîôËØØ 2
[5.324s] Invoked command in '/home/ros2/CHAPT2/chapt2_ws/build/demo_cpp_pkg' returned '2': CMAKE_PREFIX_PATH=${CMAKE_PREFIX_PATH}:/home/ros2/CHAPT2/chapt2_ws/install/demo_python_pkg:/opt/ros/foxy /usr/bin/cmake --build /home/ros2/CHAPT2/chapt2_ws/build/demo_cpp_pkg -- -j2 -l2
