[0.025s] Invoking command in '/home/ros2/CHAPT2/chapt2_ws/build/demo_cpp_pkg': /usr/bin/cmake --build /home/ros2/CHAPT2/chapt2_ws/build/demo_cpp_pkg -- -j2 -l2
[0.101s] -- Found ament_cmake: 0.9.12 (/opt/ros/foxy/share/ament_cmake/cmake)
[0.163s] -- Using PYTHON_EXECUTABLE: /usr/bin/python3
[0.623s] -- Found rclcpp: 2.4.3 (/opt/ros/foxy/share/rclcpp/cmake)
[0.703s] -- Using all available rosidl_typesupport_c: rosidl_typesupport_fastrtps_c;rosidl_typesupport_introspection_c
[0.719s] -- Found rosidl_adapter: 1.3.1 (/opt/ros/foxy/share/rosidl_adapter/cmake)
[1.065s] -- Using all available rosidl_typesupport_cpp: rosidl_typesupport_fastrtps_cpp;rosidl_typesupport_introspection_cpp
[1.182s] -- Found rmw_implementation_cmake: 1.0.4 (/opt/ros/foxy/share/rmw_implementation_cmake/cmake)
[1.185s] -- Using RMW implementation 'rmw_fastrtps_cpp' as default
[1.470s] -- Found ament_lint_auto: 0.9.8 (/opt/ros/foxy/share/ament_lint_auto/cmake)
[1.531s] Error parsing '/home/ros2/CHAPT2/chapt2_ws/src/demo_cpp_pkg/package.xml':
[1.871s] Traceback (most recent call last):
[1.871s]   File "/usr/lib/python3/dist-packages/catkin_pkg/package.py", line 610, in parse_package_string
[1.871s]     root = dom.parseString(data)
[1.871s]   File "/usr/lib/python3.8/xml/dom/minidom.py", line 1969, in parseString
[1.871s]     return expatbuilder.parseString(string)
[1.871s]   File "/usr/lib/python3.8/xml/dom/expatbuilder.py", line 925, in parseString
[1.872s]     return builder.parseString(string)
[1.872s]   File "/usr/lib/python3.8/xml/dom/expatbuilder.py", line 223, in parseString
[1.872s]     parser.Parse(string, True)
[1.872s] xml.parsers.expat.ExpatError: not well-formed (invalid token): line 10, column 17
[1.872s] 
[1.872s] During handling of the above exception, another exception occurred:
[1.872s] 
[1.872s] Traceback (most recent call last):
[1.872s]   File "/opt/ros/foxy/share/ament_cmake_core/cmake/core/package_xml_2_cmake.py", line 143, in <module>
[1.872s]     main()
[1.872s]   File "/opt/ros/foxy/share/ament_cmake_core/cmake/core/package_xml_2_cmake.py", line 52, in main
[1.872s]     raise e
[1.872s]   File "/opt/ros/foxy/share/ament_cmake_core/cmake/core/package_xml_2_cmake.py", line 48, in main
[1.872s]     package = parse_package_string(
[1.872s]   File "/usr/lib/python3/dist-packages/catkin_pkg/package.py", line 612, in parse_package_string
[1.873s]     raise InvalidPackage('The manifest contains invalid XML:\n%s' % ex, filename)
[1.873s] catkin_pkg.package.InvalidPackage: Error(s) in package '/home/ros2/CHAPT2/chapt2_ws/src/demo_cpp_pkg/package.xml':
[1.873s] The manifest contains invalid XML:
[1.873s] not well-formed (invalid token): line 10, column 17
[1.992s] CMake Error at /opt/ros/foxy/share/ament_cmake_core/cmake/core/ament_package_xml.cmake:94 (message):
[1.993s]   execute_process(/usr/bin/python3
[1.993s]   /opt/ros/foxy/share/ament_cmake_core/cmake/core/package_xml_2_cmake.py
[1.993s]   /home/ros2/CHAPT2/chapt2_ws/src/demo_cpp_pkg/package.xml
[1.993s]   /home/ros2/CHAPT2/chapt2_ws/build/demo_cpp_pkg/ament_cmake_core/package.cmake)
[1.993s]   returned error code 1
[1.993s] Call Stack (most recent call first):
[1.994s]   /opt/ros/foxy/share/ament_cmake_core/cmake/core/ament_package_xml.cmake:49 (_ament_package_xml)
[1.994s]   /opt/ros/foxy/share/ament_lint_auto/cmake/ament_lint_auto_find_test_dependencies.cmake:31 (ament_package_xml)
[1.994s]   CMakeLists.txt:47 (ament_lint_auto_find_test_dependencies)
[1.994s] 
[1.994s] 
[1.995s] -- Configuring incomplete, errors occurred!
[1.995s] See also "/home/ros2/CHAPT2/chapt2_ws/build/demo_cpp_pkg/CMakeFiles/CMakeOutput.log".
[1.995s] See also "/home/ros2/CHAPT2/chapt2_ws/build/demo_cpp_pkg/CMakeFiles/CMakeError.log".
[2.019s] make: *** [Makefile:266：cmake_check_build_system] 错误 1
[2.021s] Invoked command in '/home/ros2/CHAPT2/chapt2_ws/build/demo_cpp_pkg' returned '2': /usr/bin/cmake --build /home/ros2/CHAPT2/chapt2_ws/build/demo_cpp_pkg -- -j2 -l2
