[0.269s] Invoking command in '/home/ros2/CHAPT4/CHAPT4_WS/build/demo_cpp_service': CMAKE_PREFIX_PATH=/home/ros2/CHAPT4/CHAPT4_WS/install/chapt4_interfaces:/home/ros2/CHAPT4/CHAPT4_WS/install/demo_cpp_service:/home/ros2/CHAPT4/CHAPT4_WS/install/demo_python_service:/opt/ros/foxy PYTHONPATH=/home/ros2/CHAPT4/CHAPT4_WS/install/chapt4_interfaces/lib/python3.8/site-packages:/home/ros2/CHAPT4/CHAPT4_WS/install/demo_python_service/lib/python3.8/site-packages:/opt/ros/foxy/lib/python3.8/site-packages /usr/bin/cmake --build /home/ros2/CHAPT4/CHAPT4_WS/build/demo_cpp_service -- -j2 -l2
[0.350s] [ 50%] Built target turtle_contorl
[0.359s] [35m[1mScanning dependencies of target partol_client[0m
[0.427s] [ 75%] [32mBuilding CXX object CMakeFiles/partol_client.dir/src/partol_client.cpp.o[0m
[2.073s] [01m[K/home/ros2/CHAPT4/CHAPT4_WS/src/demo_cpp_service/src/partol_client.cpp:70:1:[m[K [01;31m[Kerror: [m[Kexpected â€˜[01m[K}[m[Kâ€™ at end of input
[2.074s]    70 | [01;31m[K}[m[K
[2.074s]       | [01;31m[K^[m[K
[2.074s] [01m[K/home/ros2/CHAPT4/CHAPT4_WS/src/demo_cpp_service/src/partol_client.cpp:10:1:[m[K [01;36m[Knote: [m[Kto match this â€˜[01m[K{[m[Kâ€™
[2.074s]    10 | [01;36m[K{[m[K
[2.074s]       | [01;36m[K^[m[K
[2.076s] [01m[K/home/ros2/CHAPT4/CHAPT4_WS/src/demo_cpp_service/src/partol_client.cpp:[m[K In constructor â€˜[01m[KPartolClient::PartolClient()[m[Kâ€™:
[2.076s] [01m[K/home/ros2/CHAPT4/CHAPT4_WS/src/demo_cpp_service/src/partol_client.cpp:15:9:[m[K [01;31m[Kerror: [m[Kâ€˜[01m[Kpartol_client_[m[Kâ€™ was not declared in this scope; did you mean â€˜[01m[KPartolClient[m[Kâ€™?
[2.076s]    15 |         [01;31m[Kpartol_client_[m[K = this->create_client<Partol>("partol");
[2.076s]       |         [01;31m[K^~~~~~~~~~~~~~[m[K
[2.077s]       |         [32m[KPartolClient[m[K
[2.085s] [01m[K/home/ros2/CHAPT4/CHAPT4_WS/src/demo_cpp_service/src/partol_client.cpp:16:9:[m[K [01;31m[Kerror: [m[Kâ€˜[01m[Ktimer_[m[Kâ€™ was not declared in this scope; did you mean â€˜[01m[Ktimer_t[m[Kâ€™?
[2.085s]    16 |         [01;31m[Ktimer_[m[K = this->create_wall_timer(10s, [&]() -> void {
[2.086s]       |         [01;31m[K^~~~~~[m[K
[2.086s]       |         [32m[Ktimer_t[m[K
[2.086s] [01m[K/home/ros2/CHAPT4/CHAPT4_WS/src/demo_cpp_service/src/partol_client.cpp:[m[K In lambda function:
[2.086s] [01m[K/home/ros2/CHAPT4/CHAPT4_WS/src/demo_cpp_service/src/partol_client.cpp:25:24:[m[K [01;31m[Kerror: [m[Kâ€˜[01m[Kclass PartolClient[m[Kâ€™ has no member named â€˜[01m[Kpartol_client_[m[Kâ€™; did you mean â€˜[01m[KPartolClient[m[Kâ€™?
[2.086s]    25 |             if (!this->[01;31m[Kpartol_client_[m[K->wait_for_service(1s))
[2.086s]       |                        [01;31m[K^~~~~~~~~~~~~~[m[K
[2.086s]       |                        [32m[KPartolClient[m[K
[2.094s] [01m[K/home/ros2/CHAPT4/CHAPT4_WS/src/demo_cpp_service/src/partol_client.cpp:[m[K In constructor â€˜[01m[KPartolClient::PartolClient()[m[Kâ€™:
[2.094s] [01m[K/home/ros2/CHAPT4/CHAPT4_WS/src/demo_cpp_service/src/partol_client.cpp:52:6:[m[K [01;31m[Kerror: [m[Kexpected â€˜[01m[K)[m[Kâ€™ before â€˜[01m[K}[m[Kâ€™ token
[2.095s]    52 |     }
[2.095s]       |      [01;31m[K^[m[K
[2.095s]       |      [32m[K)[m[K
[2.095s]    53 |     [32m[K}[m[K
[2.095s]       |     [32m[K~[m[K 
[2.095s] [01m[K/home/ros2/CHAPT4/CHAPT4_WS/src/demo_cpp_service/src/partol_client.cpp:16:41:[m[K [01;36m[Knote: [m[Kto match this â€˜[01m[K([m[Kâ€™
[2.095s]    16 |       timer_ = this->create_wall_timer[01;36m[K([m[K10s, [&]() -> void {
[2.095s]       |                                       [01;36m[K^[m[K
[2.095s] 
[2.100s] [01m[K/home/ros2/CHAPT4/CHAPT4_WS/src/demo_cpp_service/src/partol_client.cpp:[m[K At global scope:
[2.100s] [01m[K/home/ros2/CHAPT4/CHAPT4_WS/src/demo_cpp_service/src/partol_client.cpp:70:1:[m[K [01;31m[Kerror: [m[Kexpected unqualified-id at end of input
[2.100s]    70 | [01;31m[K}[m[K
[2.100s]       | [01;31m[K^[m[K
[2.559s] make[2]: *** [CMakeFiles/partol_client.dir/build.make:63ï¼šCMakeFiles/partol_client.dir/src/partol_client.cpp.o] é”™è¯¯ 1
[2.560s] make[1]: *** [CMakeFiles/Makefile2:80ï¼šCMakeFiles/partol_client.dir/all] é”™è¯¯ 2
[2.560s] make: *** [Makefile:141ï¼šall] é”™è¯¯ 2
[2.564s] Invoked command in '/home/ros2/CHAPT4/CHAPT4_WS/build/demo_cpp_service' returned '2': CMAKE_PREFIX_PATH=/home/ros2/CHAPT4/CHAPT4_WS/install/chapt4_interfaces:/home/ros2/CHAPT4/CHAPT4_WS/install/demo_cpp_service:/home/ros2/CHAPT4/CHAPT4_WS/install/demo_python_service:/opt/ros/foxy PYTHONPATH=/home/ros2/CHAPT4/CHAPT4_WS/install/chapt4_interfaces/lib/python3.8/site-packages:/home/ros2/CHAPT4/CHAPT4_WS/install/demo_python_service/lib/python3.8/site-packages:/opt/ros/foxy/lib/python3.8/site-packages /usr/bin/cmake --build /home/ros2/CHAPT4/CHAPT4_WS/build/demo_cpp_service -- -j2 -l2
