[0.024s] Invoking command in '/home/ros2/CHAPT2/chapt2_ws/build/demo_cpp_pkg': /usr/bin/cmake --build /home/ros2/CHAPT2/chapt2_ws/build/demo_cpp_pkg -- -j2 -l2
[0.152s] -- Found ament_cmake: 0.9.12 (/opt/ros/foxy/share/ament_cmake/cmake)
[0.233s] -- Using PYTHON_EXECUTABLE: /usr/bin/python3
[0.661s] -- Found rclcpp: 2.4.3 (/opt/ros/foxy/share/rclcpp/cmake)
[0.743s] -- Using all available rosidl_typesupport_c: rosidl_typesupport_fastrtps_c;rosidl_typesupport_introspection_c
[0.757s] -- Found rosidl_adapter: 1.3.1 (/opt/ros/foxy/share/rosidl_adapter/cmake)
[1.010s] -- Using all available rosidl_typesupport_cpp: rosidl_typesupport_fastrtps_cpp;rosidl_typesupport_introspection_cpp
[1.070s] -- Found rmw_implementation_cmake: 1.0.4 (/opt/ros/foxy/share/rmw_implementation_cmake/cmake)
[1.071s] -- Using RMW implementation 'rmw_fastrtps_cpp' as default
[1.328s] -- Found ament_lint_auto: 0.9.8 (/opt/ros/foxy/share/ament_lint_auto/cmake)
[1.425s] Error parsing '/home/ros2/CHAPT2/chapt2_ws/src/demo_cpp_pkg/package.xml':
[1.697s] Traceback (most recent call last):
[1.697s]   File "/opt/ros/foxy/share/ament_cmake_core/cmake/core/package_xml_2_cmake.py", line 143, in <module>
[1.698s]     main()
[1.698s]   File "/opt/ros/foxy/share/ament_cmake_core/cmake/core/package_xml_2_cmake.py", line 52, in main
[1.698s]     raise e
[1.699s]   File "/opt/ros/foxy/share/ament_cmake_core/cmake/core/package_xml_2_cmake.py", line 48, in main
[1.699s]     package = parse_package_string(
[1.699s]   File "/usr/lib/python3/dist-packages/catkin_pkg/package.py", line 788, in parse_package_string
[1.699s]     pkg.validate(warnings=warnings)
[1.699s]   File "/usr/lib/python3/dist-packages/catkin_pkg/package.py", line 330, in validate
[1.699s]     raise InvalidPackage('\n'.join(errors), self.filename)
[1.699s] catkin_pkg.package.InvalidPackage: Error(s) in package '/home/ros2/CHAPT2/chapt2_ws/src/demo_cpp_pkg/package.xml':
[1.699s] The package "demo_cpp_pkg" must not "build_depend" on a package with the same name as this package
[1.699s] The package "demo_cpp_pkg" must not "build_export_depend" on a package with the same name as this package
[1.699s] The package "demo_cpp_pkg" must not "exec_depend" on a package with the same name as this package
[1.763s] CMake Error at /opt/ros/foxy/share/ament_cmake_core/cmake/core/ament_package_xml.cmake:94 (message):
[1.764s]   execute_process(/usr/bin/python3
[1.764s]   /opt/ros/foxy/share/ament_cmake_core/cmake/core/package_xml_2_cmake.py
[1.764s]   /home/ros2/CHAPT2/chapt2_ws/src/demo_cpp_pkg/package.xml
[1.764s]   /home/ros2/CHAPT2/chapt2_ws/build/demo_cpp_pkg/ament_cmake_core/package.cmake)
[1.764s]   returned error code 1
[1.764s] Call Stack (most recent call first):
[1.764s]   /opt/ros/foxy/share/ament_cmake_core/cmake/core/ament_package_xml.cmake:49 (_ament_package_xml)
[1.764s]   /opt/ros/foxy/share/ament_lint_auto/cmake/ament_lint_auto_find_test_dependencies.cmake:31 (ament_package_xml)
[1.764s]   CMakeLists.txt:47 (ament_lint_auto_find_test_dependencies)
[1.764s] 
[1.764s] 
[1.769s] -- Configuring incomplete, errors occurred!
[1.769s] See also "/home/ros2/CHAPT2/chapt2_ws/build/demo_cpp_pkg/CMakeFiles/CMakeOutput.log".
[1.769s] See also "/home/ros2/CHAPT2/chapt2_ws/build/demo_cpp_pkg/CMakeFiles/CMakeError.log".
[1.775s] make: *** [Makefile:266：cmake_check_build_system] 错误 1
[1.778s] Invoked command in '/home/ros2/CHAPT2/chapt2_ws/build/demo_cpp_pkg' returned '2': /usr/bin/cmake --build /home/ros2/CHAPT2/chapt2_ws/build/demo_cpp_pkg -- -j2 -l2
