[01m[K/home/ros2/CHAPT2/chapt2_ws/src/demo_cpp_pkg/src/learn_thread.cpp:5:10:[m[K [01;31m[Kfatal error: [m[Khttplib.h: æ²¡æœ‰é‚£ä¸ªæ–‡ä»¶æˆ–ç›®å½•
    5 | #include [01;31m[K"httplib.h"[m[K//ä¸‹è½½ç›¸å…³
      |          [01;31m[K^~~~~~~~~~~[m[K
compilation terminated.
make[2]: *** [CMakeFiles/learn_thread.dir/build.make:63ï¼šCMakeFiles/learn_thread.dir/src/learn_thread.cpp.o] é”™è¯¯ 1
make[1]: *** [CMakeFiles/Makefile2:248ï¼šCMakeFiles/learn_thread.dir/all] é”™è¯¯ 2
make: *** [Makefile:141ï¼šall] é”™è¯¯ 2
