[0.008s] Invoking command in '/home/ros2/CHAPT2/chapt2_ws/build/demo_cpp_pkg': CMAKE_PREFIX_PATH=${CMAKE_PREFIX_PATH}:/home/ros2/CHAPT2/chapt2_ws/install/demo_python_pkg:/opt/ros/foxy /usr/bin/cmake --build /home/ros2/CHAPT2/chapt2_ws/build/demo_cpp_pkg -- -j2 -l2
[0.098s] [ 20%] Built target learn_lambda
[0.120s] [ 40%] Built target person_node
[0.149s] [ 60%] Built target learn_shared_ptr
[0.193s] [35m[1mScanning dependencies of target learn_thread[0m
[0.217s] [ 80%] Built target cpp_node
[0.237s] [ 90%] [32mBuilding CXX object CMakeFiles/learn_thread.dir/src/learn_thread.cpp.o[0m
[0.297s] [01m[K/home/ros2/CHAPT2/chapt2_ws/src/demo_cpp_pkg/src/learn_thread.cpp:5:10:[m[K [01;31m[Kfatal error: [m[Khttplib.h: æ²¡æœ‰é‚£ä¸ªæ–‡ä»¶æˆ–ç›®å½•
[0.298s]     5 | #include [01;31m[K"httplib.h"[m[K//ä¸‹è½½ç›¸å…³
[0.298s]       |          [01;31m[K^~~~~~~~~~~[m[K
[0.298s] compilation terminated.
[0.299s] make[2]: *** [CMakeFiles/learn_thread.dir/build.make:63ï¼šCMakeFiles/learn_thread.dir/src/learn_thread.cpp.o] é”™è¯¯ 1
[0.300s] make[1]: *** [CMakeFiles/Makefile2:248ï¼šCMakeFiles/learn_thread.dir/all] é”™è¯¯ 2
[0.303s] make: *** [Makefile:141ï¼šall] é”™è¯¯ 2
[0.307s] Invoked command in '/home/ros2/CHAPT2/chapt2_ws/build/demo_cpp_pkg' returned '2': CMAKE_PREFIX_PATH=${CMAKE_PREFIX_PATH}:/home/ros2/CHAPT2/chapt2_ws/install/demo_python_pkg:/opt/ros/foxy /usr/bin/cmake --build /home/ros2/CHAPT2/chapt2_ws/build/demo_cpp_pkg -- -j2 -l2
