[0.024s] Invoking command in '/home/ros2/CHAPT2/chapt2_ws/build/demo_cpp_pkg': CMAKE_PREFIX_PATH=${CMAKE_PREFIX_PATH}:/home/ros2/CHAPT2/chapt2_ws/install/demo_python_pkg:/opt/ros/foxy /usr/bin/cmake --build /home/ros2/CHAPT2/chapt2_ws/build/demo_cpp_pkg -- -j2 -l2
[0.066s] -- Found ament_cmake: 0.9.12 (/opt/ros/foxy/share/ament_cmake/cmake)
[0.091s] -- Using PYTHON_EXECUTABLE: /usr/bin/python3
[0.302s] -- Found rclcpp: 2.4.3 (/opt/ros/foxy/share/rclcpp/cmake)
[0.342s] -- Using all available rosidl_typesupport_c: rosidl_typesupport_fastrtps_c;rosidl_typesupport_introspection_c
[0.348s] -- Found rosidl_adapter: 1.3.1 (/opt/ros/foxy/share/rosidl_adapter/cmake)
[0.467s] -- Using all available rosidl_typesupport_cpp: rosidl_typesupport_fastrtps_cpp;rosidl_typesupport_introspection_cpp
[0.525s] -- Found rmw_implementation_cmake: 1.0.4 (/opt/ros/foxy/share/rmw_implementation_cmake/cmake)
[0.526s] -- Using RMW implementation 'rmw_fastrtps_cpp' as default
[0.674s] -- Found ament_lint_auto: 0.9.8 (/opt/ros/foxy/share/ament_lint_auto/cmake)
[0.748s] -- Added test 'copyright' to check source files copyright and LICENSE
[0.758s] -- Added test 'cppcheck' to perform static code analysis on C / C++ code
[0.758s] -- Configured cppcheck include dirs: 
[0.758s] -- Configured cppcheck exclude dirs and/or files: 
[0.766s] -- Added test 'cpplint' to check C / C++ code against the Google style
[0.766s] -- Configured cpplint exclude dirs and/or files: 
[0.768s] -- Added test 'flake8' to check Python code syntax and style conventions
[0.771s] -- Added test 'lint_cmake' to check CMake code style
[0.773s] -- Added test 'pep257' to check Python code against some of the style conventions in PEP 257
[0.783s] -- Added test 'uncrustify' to check C / C++ code style
[0.783s] -- Configured uncrustify additional arguments: 
[0.785s] -- Added test 'xmllint' to check XML markup files
[0.788s] -- Configuring done
[0.820s] -- Generating done
[0.824s] -- Build files have been written to: /home/ros2/CHAPT2/chapt2_ws/build/demo_cpp_pkg
[0.860s] [35m[1mScanning dependencies of target person_node[0m
[0.867s] [35m[1mScanning dependencies of target learn_lambda[0m
[0.894s] [  8%] [32mBuilding CXX object CMakeFiles/person_node.dir/src/person_node.cpp.o[0m
[0.899s] [ 16%] [32mBuilding CXX object CMakeFiles/learn_lambda.dir/src/learn_lambda.cpp.o[0m
[1.527s] [ 25%] [32m[1mLinking CXX executable learn_lambda[0m
[1.673s] [ 25%] Built target learn_lambda
[1.679s] [35m[1mScanning dependencies of target learn_shared_ptr[0m
[1.714s] [ 33%] [32mBuilding CXX object CMakeFiles/learn_shared_ptr.dir/src/learn_shared_ptr.cpp.o[0m
[2.541s] [ 41%] [32m[1mLinking CXX executable learn_shared_ptr[0m
[2.700s] [ 41%] Built target learn_shared_ptr
[2.737s] [35m[1mScanning dependencies of target learn_func[0m
[2.756s] [ 50%] [32mBuilding CXX object CMakeFiles/learn_func.dir/src/learn_func.cpp.o[0m
[4.070s] [ 58%] [32m[1mLinking CXX executable learn_func[0m
[4.191s] [ 58%] Built target learn_func
[4.207s] [35m[1mScanning dependencies of target cpp_node[0m
[4.271s] [ 66%] [32mBuilding CXX object CMakeFiles/cpp_node.dir/src/cpp_node.cpp.o[0m
[4.991s] [ 75%] [32m[1mLinking CXX executable person_node[0m
[5.194s] [ 75%] Built target person_node
[5.207s] [35m[1mScanning dependencies of target learn_thread[0m
[5.261s] [ 83%] [32mBuilding CXX object CMakeFiles/learn_thread.dir/src/learn_thread.cpp.o[0m
[5.313s] [01m[K/home/ros2/CHAPT2/chapt2_ws/src/demo_cpp_pkg/src/learn_thread.cpp:5:10:[m[K [01;31m[Kfatal error: [m[Kcpp-httplib/httplib.h: Ê≤°ÊúâÈÇ£‰∏™Êñá‰ª∂ÊàñÁõÆÂΩï
[5.313s]     5 | #include [01;31m[K"cpp-httplib/httplib.h"[m[K//‰∏ãËΩΩÁõ∏ÂÖ≥
[5.313s]       |          [01;31m[K^~~~~~~~~~~~~~~~~~~~~~~[m[K
[5.313s] compilation terminated.
[5.315s] make[2]: *** [CMakeFiles/learn_thread.dir/build.make:63ÔºöCMakeFiles/learn_thread.dir/src/learn_thread.cpp.o] ÈîôËØØ 1
[5.315s] make[1]: *** [CMakeFiles/Makefile2:277ÔºöCMakeFiles/learn_thread.dir/all] ÈîôËØØ 2
[5.315s] make[1]: *** Ê≠£Âú®Á≠âÂæÖÊú™ÂÆåÊàêÁöÑ‰ªªÂä°....
[7.146s] [ 91%] [32m[1mLinking CXX executable cpp_node[0m
[7.292s] [ 91%] Built target cpp_node
[7.293s] make: *** [Makefile:141Ôºöall] ÈîôËØØ 2
[7.298s] Invoked command in '/home/ros2/CHAPT2/chapt2_ws/build/demo_cpp_pkg' returned '2': CMAKE_PREFIX_PATH=${CMAKE_PREFIX_PATH}:/home/ros2/CHAPT2/chapt2_ws/install/demo_python_pkg:/opt/ros/foxy /usr/bin/cmake --build /home/ros2/CHAPT2/chapt2_ws/build/demo_cpp_pkg -- -j2 -l2
