[0.019s] Invoking command in '/home/ros2/CHAPT2/chapt2_ws/build/demo_cpp_pkg': /usr/bin/cmake --build /home/ros2/CHAPT2/chapt2_ws/build/demo_cpp_pkg -- -j2 -l2
[0.121s] -- Found ament_cmake: 0.9.12 (/opt/ros/foxy/share/ament_cmake/cmake)
[0.186s] -- Using PYTHON_EXECUTABLE: /usr/bin/python3
[0.720s] -- Found rclcpp: 2.4.3 (/opt/ros/foxy/share/rclcpp/cmake)
[0.801s] -- Using all available rosidl_typesupport_c: rosidl_typesupport_fastrtps_c;rosidl_typesupport_introspection_c
[0.805s] -- Found rosidl_adapter: 1.3.1 (/opt/ros/foxy/share/rosidl_adapter/cmake)
[1.009s] -- Using all available rosidl_typesupport_cpp: rosidl_typesupport_fastrtps_cpp;rosidl_typesupport_introspection_cpp
[1.172s] -- Found rmw_implementation_cmake: 1.0.4 (/opt/ros/foxy/share/rmw_implementation_cmake/cmake)
[1.182s] -- Using RMW implementation 'rmw_fastrtps_cpp' as default
[1.543s] -- Found ament_lint_auto: 0.9.8 (/opt/ros/foxy/share/ament_lint_auto/cmake)
[1.631s] Error parsing '/home/ros2/CHAPT2/chapt2_ws/src/demo_cpp_pkg/package.xml':
[2.007s] Traceback (most recent call last):
[2.007s]   File "/usr/lib/python3/dist-packages/catkin_pkg/package.py", line 610, in parse_package_string
[2.007s]     root = dom.parseString(data)
[2.007s]   File "/usr/lib/python3.8/xml/dom/minidom.py", line 1969, in parseString
[2.007s]     return expatbuilder.parseString(string)
[2.007s]   File "/usr/lib/python3.8/xml/dom/expatbuilder.py", line 925, in parseString
[2.007s]     return builder.parseString(string)
[2.007s]   File "/usr/lib/python3.8/xml/dom/expatbuilder.py", line 223, in parseString
[2.007s]     parser.Parse(string, True)
[2.007s] xml.parsers.expat.ExpatError: not well-formed (invalid token): line 10, column 17
[2.007s] 
[2.008s] During handling of the above exception, another exception occurred:
[2.008s] 
[2.008s] Traceback (most recent call last):
[2.008s]   File "/opt/ros/foxy/share/ament_cmake_core/cmake/core/package_xml_2_cmake.py", line 143, in <module>
[2.008s]     main()
[2.008s]   File "/opt/ros/foxy/share/ament_cmake_core/cmake/core/package_xml_2_cmake.py", line 52, in main
[2.008s]     raise e
[2.008s]   File "/opt/ros/foxy/share/ament_cmake_core/cmake/core/package_xml_2_cmake.py", line 48, in main
[2.008s]     package = parse_package_string(
[2.008s]   File "/usr/lib/python3/dist-packages/catkin_pkg/package.py", line 612, in parse_package_string
[2.008s]     raise InvalidPackage('The manifest contains invalid XML:\n%s' % ex, filename)
[2.008s] catkin_pkg.package.InvalidPackage: Error(s) in package '/home/ros2/CHAPT2/chapt2_ws/src/demo_cpp_pkg/package.xml':
[2.008s] The manifest contains invalid XML:
[2.008s] not well-formed (invalid token): line 10, column 17
[2.134s] CMake Error at /opt/ros/foxy/share/ament_cmake_core/cmake/core/ament_package_xml.cmake:94 (message):
[2.134s]   execute_process(/usr/bin/python3
[2.134s]   /opt/ros/foxy/share/ament_cmake_core/cmake/core/package_xml_2_cmake.py
[2.134s]   /home/ros2/CHAPT2/chapt2_ws/src/demo_cpp_pkg/package.xml
[2.135s]   /home/ros2/CHAPT2/chapt2_ws/build/demo_cpp_pkg/ament_cmake_core/package.cmake)
[2.135s]   returned error code 1
[2.135s] Call Stack (most recent call first):
[2.135s]   /opt/ros/foxy/share/ament_cmake_core/cmake/core/ament_package_xml.cmake:49 (_ament_package_xml)
[2.135s]   /opt/ros/foxy/share/ament_lint_auto/cmake/ament_lint_auto_find_test_dependencies.cmake:31 (ament_package_xml)
[2.135s]   CMakeLists.txt:47 (ament_lint_auto_find_test_dependencies)
[2.135s] 
[2.135s] 
[2.150s] -- Configuring incomplete, errors occurred!
[2.151s] See also "/home/ros2/CHAPT2/chapt2_ws/build/demo_cpp_pkg/CMakeFiles/CMakeOutput.log".
[2.151s] See also "/home/ros2/CHAPT2/chapt2_ws/build/demo_cpp_pkg/CMakeFiles/CMakeError.log".
[2.164s] make: *** [Makefile:266：cmake_check_build_system] 错误 1
[2.165s] Invoked command in '/home/ros2/CHAPT2/chapt2_ws/build/demo_cpp_pkg' returned '2': /usr/bin/cmake --build /home/ros2/CHAPT2/chapt2_ws/build/demo_cpp_pkg -- -j2 -l2
