[0.012s] Invoking command in '/home/ros2/CHAPT2/chapt2_ws/build/demo_cpp_pkg': CMAKE_PREFIX_PATH=${CMAKE_PREFIX_PATH}:/home/ros2/CHAPT2/chapt2_ws/install/demo_python_pkg:/opt/ros/foxy /usr/bin/cmake --build /home/ros2/CHAPT2/chapt2_ws/build/demo_cpp_pkg -- -j2 -l2
[0.069s] -- Found ament_cmake: 0.9.12 (/opt/ros/foxy/share/ament_cmake/cmake)
[0.110s] -- Using PYTHON_EXECUTABLE: /usr/bin/python3
[0.412s] -- Found rclcpp: 2.4.3 (/opt/ros/foxy/share/rclcpp/cmake)
[0.459s] -- Using all available rosidl_typesupport_c: rosidl_typesupport_fastrtps_c;rosidl_typesupport_introspection_c
[0.465s] -- Found rosidl_adapter: 1.3.1 (/opt/ros/foxy/share/rosidl_adapter/cmake)
[0.615s] -- Using all available rosidl_typesupport_cpp: rosidl_typesupport_fastrtps_cpp;rosidl_typesupport_introspection_cpp
[0.673s] -- Found rmw_implementation_cmake: 1.0.4 (/opt/ros/foxy/share/rmw_implementation_cmake/cmake)
[0.676s] -- Using RMW implementation 'rmw_fastrtps_cpp' as default
[0.867s] -- Found ament_lint_auto: 0.9.8 (/opt/ros/foxy/share/ament_lint_auto/cmake)
[0.950s] -- Added test 'copyright' to check source files copyright and LICENSE
[0.962s] -- Added test 'cppcheck' to perform static code analysis on C / C++ code
[0.963s] -- Configured cppcheck include dirs: /home/ros2/CHAPT2/chapt2_ws/src/demo_cpp_pkg/include
[0.963s] -- Configured cppcheck exclude dirs and/or files: 
[0.979s] -- Added test 'cpplint' to check C / C++ code against the Google style
[0.980s] -- Configured cpplint exclude dirs and/or files: 
[0.983s] -- Added test 'flake8' to check Python code syntax and style conventions
[0.988s] -- Added test 'lint_cmake' to check CMake code style
[0.990s] -- Added test 'pep257' to check Python code against some of the style conventions in PEP 257
[1.000s] -- Added test 'uncrustify' to check C / C++ code style
[1.000s] -- Configured uncrustify additional arguments: 
[1.002s] -- Added test 'xmllint' to check XML markup files
[1.006s] -- Configuring done
[1.046s] -- Generating done
[1.049s] -- Build files have been written to: /home/ros2/CHAPT2/chapt2_ws/build/demo_cpp_pkg
[1.135s] [ 16%] Built target learn_lambda
[1.154s] [ 33%] Built target person_node
[1.187s] [ 50%] Built target learn_func
[1.202s] [ 66%] Built target learn_shared_ptr
[1.226s] [ 83%] Built target cpp_node
[1.281s] [ 91%] [32m[1mLinking CXX executable learn_thread[0m
[1.617s] /usr/bin/ld: CMakeFiles/learn_thread.dir/src/learn_thread.cpp.o: in function `std::thread::thread<std::_Bind<void (Download::*(Download*, std::_Placeholder<1>, std::_Placeholder<2>, std::_Placeholder<3>))(std::__cxx11::basic_string<char, std::char_traits<char>, std::allocator<char> > const&, std::__cxx11::basic_string<char, std::char_traits<char>, std::allocator<char> > const&, std::function<void (std::__cxx11::basic_string<char, std::char_traits<char>, std::allocator<char> > const&, std::__cxx11::basic_string<char, std::char_traits<char>, std::allocator<char> > const&)> const&)>&, std::__cxx11::basic_string<char, std::char_traits<char>, std::allocator<char> > const&, std::__cxx11::basic_string<char, std::char_traits<char>, std::allocator<char> > const&, std::function<void (std::__cxx11::basic_string<char, std::char_traits<char>, std::allocator<char> > const&, std::__cxx11::basic_string<char, std::char_traits<char>, std::allocator<char> > const&)> const&, void>(std::_Bind<void (Download::*(Download*, std::_Placeholder<1>, std::_Placeholder<2>, std::_Placeholder<3>))(std::__cxx11::basic_string<char, std::char_traits<char>, std::allocator<char> > const&, std::__cxx11::basic_string<char, std::char_traits<char>, std::allocator<char> > const&, std::function<void (std::__cxx11::basic_string<char, std::char_traits<char>, std::allocator<char> > const&, std::__cxx11::basic_string<char, std::char_traits<char>, std::allocator<char> > const&)> const&)>&, std::__cxx11::basic_string<char, std::char_traits<char>, std::allocator<char> > const&, std::__cxx11::basic_string<char, std::char_traits<char>, std::allocator<char> > const&, std::function<void (std::__cxx11::basic_string<char, std::char_traits<char>, std::allocator<char> > const&, std::__cxx11::basic_string<char, std::char_traits<char>, std::allocator<char> > const&)> const&)':
[1.618s] learn_thread.cpp:(.text._ZNSt6threadC2IRSt5_BindIFM8DownloadFvRKNSt7__cxx1112basic_stringIcSt11char_traitsIcESaIcEEESA_RKSt8functionIFvSA_SA_EEEPS2_St12_PlaceholderILi1EESJ_ILi2EESJ_ILi3EEEEJSA_SA_SF_EvEEOT_DpOT0_[_ZNSt6threadC5IRSt5_BindIFM8DownloadFvRKNSt7__cxx1112basic_stringIcSt11char_traitsIcESaIcEEESA_RKSt8functionIFvSA_SA_EEEPS2_St12_PlaceholderILi1EESJ_ILi2EESJ_ILi3EEEEJSA_SA_SF_EvEEOT_DpOT0_]+0x58): undefined reference to `pthread_create'
[1.619s] collect2: error: ld returned 1 exit status
[1.631s] make[2]: *** [CMakeFiles/learn_thread.dir/build.make:84ï¼šlearn_thread] é”™è¯¯ 1
[1.631s] make[1]: *** [CMakeFiles/Makefile2:277ï¼šCMakeFiles/learn_thread.dir/all] é”™è¯¯ 2
[1.631s] make: *** [Makefile:141ï¼šall] é”™è¯¯ 2
[1.635s] Invoked command in '/home/ros2/CHAPT2/chapt2_ws/build/demo_cpp_pkg' returned '2': CMAKE_PREFIX_PATH=${CMAKE_PREFIX_PATH}:/home/ros2/CHAPT2/chapt2_ws/install/demo_python_pkg:/opt/ros/foxy /usr/bin/cmake --build /home/ros2/CHAPT2/chapt2_ws/build/demo_cpp_pkg -- -j2 -l2
